ISim log file
Running: D:\Diplomski\Top\YUV_to_RGB_tb_isim_beh.exe -intstyle ise -gui -tclbatch isim.cmd -wdb D:/Diplomski/Top/YUV_to_RGB_tb_isim_beh.wdb 
ISim P.68d (signature 0x8ef4fb42)
----------------------------------------------------------------------
INFO:Security:50 - The XILINXD_LICENSE_FILE environment variable is set to '2100@licserver'.
INFO:Security:53 - The LM_LICENSE_FILE environment variable is not set.
WARNING:Security:43 - No license file was found in the standard Xilinx license directory.
WARNING:Security:44 - Since no license file was found,
       please run the Xilinx License Configuration Manager
       (xlcm or "Manage Xilinx Licenses")
       to assist in obtaining a license.
WARNING:Security:42 - Your software subscription period has lapsed. Your current version of Xilinx tools will continue to function, but you no longer qualify for Xilinx software updates or new releases.


----------------------------------------------------------------------
This is a Full version of ISim.
Time resolution is 1 ps
# onerror resume
# wave add /
# run 1000 ns
Simulator is doing circuit initialization process.
ERROR: In process YUV_to_RGB.vhd:190 
 Target Size 24 and source size 74 for array dimension 0 does not match. 

INFO: Simulator is stopped.
ISim P.68d (signature 0x8ef4fb42)
----------------------------------------------------------------------
INFO:Security:50 - The XILINXD_LICENSE_FILE environment variable is set to '2100@licserver'.
INFO:Security:53 - The LM_LICENSE_FILE environment variable is not set.
WARNING:Security:43 - No license file was found in the standard Xilinx license directory.
WARNING:Security:44 - Since no license file was found,
       please run the Xilinx License Configuration Manager
       (xlcm or "Manage Xilinx Licenses")
       to assist in obtaining a license.
WARNING:Security:42 - Your software subscription period has lapsed. Your current version of Xilinx tools will continue to function, but you no longer qualify for Xilinx software updates or new releases.


----------------------------------------------------------------------
This is a Full version of ISim.
# run 1000 ns
Simulator is doing circuit initialization process.
Finished circuit initialization process.
at 0 ps, Instance /yuv_to_rgb_tb/uut/r_component_calculate/ : Warning: There is an 'U'|'X'|'W'|'Z'|'-' in an arithmetic operand, the result will be 'X'(es).
at 0 ps, Instance /yuv_to_rgb_tb/uut/r_component_calculate/ : Warning: OPMODE Input Warning : The OPMODE UUUUUUUU with CARRYINSEL  OPMODE5 to DSP48A1 instance is invalid for that specific OPMODE.
at 0 ps, Instance /yuv_to_rgb_tb/uut/b_component_calculate/ : Warning: OPMODE Input Warning : The OPMODE UUUUUUUU with CARRYINSEL  OPMODE5 to DSP48A1 instance is invalid for that specific OPMODE.
at 0 ps, Instance /yuv_to_rgb_tb/uut/r_component_calculate/ : Warning: There is an 'U'|'X'|'W'|'Z'|'-' in an arithmetic operand, the result will be 'X'(es).
at 0 ps, Instance /yuv_to_rgb_tb/uut/b_component_calculate/ : Warning: There is an 'U'|'X'|'W'|'Z'|'-' in an arithmetic operand, the result will be 'X'(es).
ISim P.68d (signature 0x8ef4fb42)
----------------------------------------------------------------------
INFO:Security:50 - The XILINXD_LICENSE_FILE environment variable is set to '2100@licserver'.
INFO:Security:53 - The LM_LICENSE_FILE environment variable is not set.
WARNING:Security:43 - No license file was found in the standard Xilinx license directory.
WARNING:Security:44 - Since no license file was found,
       please run the Xilinx License Configuration Manager
       (xlcm or "Manage Xilinx Licenses")
       to assist in obtaining a license.
WARNING:Security:42 - Your software subscription period has lapsed. Your current version of Xilinx tools will continue to function, but you no longer qualify for Xilinx software updates or new releases.


----------------------------------------------------------------------
This is a Full version of ISim.
# run 1000 ns
Simulator is doing circuit initialization process.
Finished circuit initialization process.
at 0 ps, Instance /yuv_to_rgb_tb/uut/r_component_calculate/ : Warning: There is an 'U'|'X'|'W'|'Z'|'-' in an arithmetic operand, the result will be 'X'(es).
at 0 ps, Instance /yuv_to_rgb_tb/uut/r_component_calculate/ : Warning: OPMODE Input Warning : The OPMODE UUUUUUUU with CARRYINSEL  OPMODE5 to DSP48A1 instance is invalid for that specific OPMODE.
at 0 ps, Instance /yuv_to_rgb_tb/uut/b_component_calculate/ : Warning: OPMODE Input Warning : The OPMODE UUUUUUUU with CARRYINSEL  OPMODE5 to DSP48A1 instance is invalid for that specific OPMODE.
at 0 ps, Instance /yuv_to_rgb_tb/uut/r_component_calculate/ : Warning: There is an 'U'|'X'|'W'|'Z'|'-' in an arithmetic operand, the result will be 'X'(es).
at 0 ps, Instance /yuv_to_rgb_tb/uut/b_component_calculate/ : Warning: There is an 'U'|'X'|'W'|'Z'|'-' in an arithmetic operand, the result will be 'X'(es).
ISim P.68d (signature 0x8ef4fb42)
----------------------------------------------------------------------
INFO:Security:50 - The XILINXD_LICENSE_FILE environment variable is set to '2100@licserver'.
INFO:Security:53 - The LM_LICENSE_FILE environment variable is not set.
WARNING:Security:43 - No license file was found in the standard Xilinx license directory.
WARNING:Security:44 - Since no license file was found,
       please run the Xilinx License Configuration Manager
       (xlcm or "Manage Xilinx Licenses")
       to assist in obtaining a license.
WARNING:Security:42 - Your software subscription period has lapsed. Your current version of Xilinx tools will continue to function, but you no longer qualify for Xilinx software updates or new releases.


----------------------------------------------------------------------
This is a Full version of ISim.
# run 1000 ns
Simulator is doing circuit initialization process.
Finished circuit initialization process.
at 0 ps, Instance /yuv_to_rgb_tb/uut/r_component_calculate/ : Warning: There is an 'U'|'X'|'W'|'Z'|'-' in an arithmetic operand, the result will be 'X'(es).
at 0 ps, Instance /yuv_to_rgb_tb/uut/r_component_calculate/ : Warning: OPMODE Input Warning : The OPMODE UUUUUUUU with CARRYINSEL  OPMODE5 to DSP48A1 instance is invalid for that specific OPMODE.
at 0 ps, Instance /yuv_to_rgb_tb/uut/b_component_calculate/ : Warning: OPMODE Input Warning : The OPMODE UUUUUUUU with CARRYINSEL  OPMODE5 to DSP48A1 instance is invalid for that specific OPMODE.
at 0 ps, Instance /yuv_to_rgb_tb/uut/r_component_calculate/ : Warning: There is an 'U'|'X'|'W'|'Z'|'-' in an arithmetic operand, the result will be 'X'(es).
at 0 ps, Instance /yuv_to_rgb_tb/uut/b_component_calculate/ : Warning: There is an 'U'|'X'|'W'|'Z'|'-' in an arithmetic operand, the result will be 'X'(es).
