Release 14.6 Map P.68d (nt)
Xilinx Mapping Report File for Design 'memCntrlTop'

Design Information
------------------
Command Line   : map -intstyle ise -p xc6slx45-fgg676-2 -w -logic_opt off -ol
high -t 1 -xt 0 -register_duplication off -r 4 -global_opt off -mt off -ir off
-pr off -lc off -power off -o memCntrlTop_map.ncd memCntrlTop.ngd
memCntrlTop.pcf 
Target Device  : xc6slx45
Target Package : fgg676
Target Speed   : -2
Mapper Version : spartan6 -- $Revision: 1.55 $
Mapped Date    : Thu May 10 11:00:52 2018

Design Summary
--------------
Number of errors:      0
Number of warnings:    0
Slice Logic Utilization:
  Number of Slice Registers:                   425 out of  54,576    1%
    Number used as Flip Flops:                 425
    Number used as Latches:                      0
    Number used as Latch-thrus:                  0
    Number used as AND/OR logics:                0
  Number of Slice LUTs:                        627 out of  27,288    2%
    Number used as logic:                      611 out of  27,288    2%
      Number using O6 output only:             472
      Number using O5 output only:              26
      Number using O5 and O6:                  113
      Number used as ROM:                        0
    Number used as Memory:                       0 out of   6,408    0%
    Number used exclusively as route-thrus:     16
      Number with same-slice register load:     12
      Number with same-slice carry load:         4
      Number with other load:                    0

Slice Logic Distribution:
  Number of occupied Slices:                   236 out of   6,822    3%
  Number of MUXCYs used:                       132 out of  13,644    1%
  Number of LUT Flip Flop pairs used:          713
    Number with an unused Flip Flop:           312 out of     713   43%
    Number with an unused LUT:                  86 out of     713   12%
    Number of fully used LUT-FF pairs:         315 out of     713   44%
    Number of unique control sets:              38
    Number of slice register sites lost
      to control set restrictions:             127 out of  54,576    1%

  A LUT Flip Flop pair for this architecture represents one LUT paired with
  one Flip Flop within a slice.  A control set is a unique combination of
  clock, reset, set, and enable signals for a registered element.
  The Slice Logic Distribution report is not meaningful if the design is
  over-mapped for a non-slice resource or if Placement fails.

IO Utilization:
  Number of bonded IOBs:                        94 out of     358   26%
    Number of LOCed IOBs:                       91 out of      94   96%
    IOB Flip Flops:                              1

Specific Feature Utilization:
  Number of RAMB16BWERs:                         0 out of     116    0%
  Number of RAMB8BWERs:                          0 out of     232    0%
  Number of BUFIO2/BUFIO2_2CLKs:                 2 out of      32    6%
    Number used as BUFIO2s:                      2
    Number used as BUFIO2_2CLKs:                 0
  Number of BUFIO2FB/BUFIO2FB_2CLKs:             1 out of      32    3%
    Number used as BUFIO2FBs:                    1
    Number used as BUFIO2FB_2CLKs:               0
  Number of BUFG/BUFGMUXs:                       4 out of      16   25%
    Number used as BUFGs:                        3
    Number used as BUFGMUX:                      1
  Number of DCM/DCM_CLKGENs:                     0 out of       8    0%
  Number of ILOGIC2/ISERDES2s:                   0 out of     376    0%
  Number of IODELAY2/IODRP2/IODRP2_MCBs:        24 out of     376    6%
    Number used as IODELAY2s:                    0
    Number used as IODRP2s:                      2
    Number used as IODRP2_MCBs:                 22
  Number of OLOGIC2/OSERDES2s:                  47 out of     376   12%
    Number used as OLOGIC2s:                     1
    Number used as OSERDES2s:                   46
  Number of BSCANs:                              0 out of       4    0%
  Number of BUFHs:                               0 out of     256    0%
  Number of BUFPLLs:                             0 out of       8    0%
  Number of BUFPLL_MCBs:                         1 out of       4   25%
  Number of DSP48A1s:                            0 out of      58    0%
  Number of ICAPs:                               0 out of       1    0%
  Number of MCBs:                                1 out of       2   50%
  Number of PCILOGICSEs:                         0 out of       2    0%
  Number of PLL_ADVs:                            2 out of       4   50%
  Number of PMVs:                                0 out of       1    0%
  Number of STARTUPs:                            0 out of       1    0%
  Number of SUSPEND_SYNCs:                       0 out of       1    0%

Average Fanout of Non-Clock Nets:                3.72

Peak Memory Usage:  442 MB
Total REAL time to MAP completion:  18 secs 
Total CPU time to MAP completion:   17 secs 

Table of Contents
-----------------
Section 1 - Errors
Section 2 - Warnings
Section 3 - Informational
Section 4 - Removed Logic Summary
Section 5 - Removed Logic
Section 6 - IOB Properties
Section 7 - RPMs
Section 8 - Guide Report
Section 9 - Area Group and Partition Summary
Section 10 - Timing Report
Section 11 - Configuration String Information
Section 12 - Control Set Information
Section 13 - Utilization by Hierarchy

Section 1 - Errors
------------------

Section 2 - Warnings
--------------------
WARNING:Security:43 - No license file was found in the standard Xilinx license
directory.
WARNING:Security:44 - Since no license file was found,
WARNING:Security:42 - Your software subscription period has lapsed. Your current
version of Xilinx tools will continue to function, but you no longer qualify for
Xilinx software updates or new releases.

Section 3 - Informational
-------------------------
INFO:Security:50 - The XILINXD_LICENSE_FILE environment variable is set to
'2100@licserver'.
INFO:Security:53 - The LM_LICENSE_FILE environment variable is not set.
INFO:Security:54 - 'xc6slx45' is a WebPack part.
INFO:LIT:243 - Logical network N322 has no load.
INFO:LIT:395 - The above info message is repeated 1 more times for the following
   (max. 5 shown):
   N324
   To see the details of these info messages, please use the -detail switch.
INFO:MapLib:562 - No environment variables are currently set.
INFO:LIT:244 - All of the single ended outputs in this design are using slew
   rate limited output drivers. The delay on speed critical single ended outputs
   can be dramatically reduced by designating them as fast outputs.
INFO:Pack:1716 - Initializing temperature to 85.000 Celsius. (default - Range:
   0.000 to 85.000 Celsius)
INFO:Pack:1720 - Initializing voltage to 1.140 Volts. (default - Range: 1.140 to
   1.260 Volts)
INFO:Map:215 - The Interim Design Summary has been generated in the MAP Report
   (.mrp).
INFO:Pack:1650 - Map created a placed design.

Section 4 - Removed Logic Summary
---------------------------------
   2 block(s) optimized away

Section 5 - Removed Logic
-------------------------

Optimized Block(s):
TYPE 		BLOCK
GND 		XST_GND
VCC 		XST_VCC

To enable printing of redundant blocks removed and signals merged, set the
detailed map report option and rerun map.

Section 6 - IOB Properties
--------------------------

+---------------------------------------------------------------------------------------------------------------------------------------------------------+
| IOB Name                           | Type             | Direction | IO Standard          | Diff  | Drive    | Slew | Reg (s)      | Resistor | IOB      |
|                                    |                  |           |                      | Term  | Strength | Rate |              |          | Delay    |
+---------------------------------------------------------------------------------------------------------------------------------------------------------+
| iCLK                               | IOB              | INPUT     | LVTTL                |       |          |      |              |          |          |
| iCLK_DIFF_N                        | IOB              | INPUT     | LVDS_33              | TRUE  |          |      |              |          |          |
| iCLK_DIFF_P                        | IOB              | INPUT     | LVDS_33              | TRUE  |          |      |              |          |          |
| iSW<0>                             | IOB              | INPUT     | LVCMOS33             |       |          |      |              |          |          |
| iSW<1>                             | IOB              | INPUT     | LVCMOS33             |       |          |      |              |          |          |
| iSW<2>                             | IOB              | INPUT     | LVCMOS33             |       |          |      |              |          |          |
| inRST                              | IOB              | INPUT     | LVTTL                |       |          |      |              |          |          |
| ioRAM_DQ<0>                        | IOB              | BIDIR     | SSTL18_II            |       |          |      |              |          |          |
| ioRAM_DQ<1>                        | IOB              | BIDIR     | SSTL18_II            |       |          |      |              |          |          |
| ioRAM_DQ<2>                        | IOB              | BIDIR     | SSTL18_II            |       |          |      |              |          |          |
| ioRAM_DQ<3>                        | IOB              | BIDIR     | SSTL18_II            |       |          |      |              |          |          |
| ioRAM_DQ<4>                        | IOB              | BIDIR     | SSTL18_II            |       |          |      |              |          |          |
| ioRAM_DQ<5>                        | IOB              | BIDIR     | SSTL18_II            |       |          |      |              |          |          |
| ioRAM_DQ<6>                        | IOB              | BIDIR     | SSTL18_II            |       |          |      |              |          |          |
| ioRAM_DQ<7>                        | IOB              | BIDIR     | SSTL18_II            |       |          |      |              |          |          |
| ioRAM_DQ<8>                        | IOB              | BIDIR     | SSTL18_II            |       |          |      |              |          |          |
| ioRAM_DQ<9>                        | IOB              | BIDIR     | SSTL18_II            |       |          |      |              |          |          |
| ioRAM_DQ<10>                       | IOB              | BIDIR     | SSTL18_II            |       |          |      |              |          |          |
| ioRAM_DQ<11>                       | IOB              | BIDIR     | SSTL18_II            |       |          |      |              |          |          |
| ioRAM_DQ<12>                       | IOB              | BIDIR     | SSTL18_II            |       |          |      |              |          |          |
| ioRAM_DQ<13>                       | IOB              | BIDIR     | SSTL18_II            |       |          |      |              |          |          |
| ioRAM_DQ<14>                       | IOB              | BIDIR     | SSTL18_II            |       |          |      |              |          |          |
| ioRAM_DQ<15>                       | IOB              | BIDIR     | SSTL18_II            |       |          |      |              |          |          |
| ioRAM_LDQS                         | IOB              | BIDIR     | DIFF_SSTL18_II       |       |          |      |              | PULLDOWN |          |
| ioRAM_UDQS                         | IOB              | BIDIR     | DIFF_SSTL18_II       |       |          |      |              | PULLDOWN |          |
| ioRZQ                              | IOB              | BIDIR     | SSTL18_II            |       |          |      |              |          | DEFAULT  |
| ioZIO                              | IOB              | BIDIR     | SSTL18_II            |       |          |      |              |          | DEFAULT  |
| ionRAM_LDQS                        | IOB              | BIDIR     | DIFF_SSTL18_II       |       |          |      |              | PULLUP   |          |
| ionRAM_UDQS                        | IOB              | BIDIR     | DIFF_SSTL18_II       |       |          |      |              | PULLUP   |          |
| oCLK                               | IOB              | OUTPUT    | LVTTL                |       | 12       | SLOW | ODDR         |          |          |
| oH_SYNC                            | IOB              | OUTPUT    | LVTTL                |       | 12       | SLOW |              |          |          |
| oLED<0>                            | IOB              | OUTPUT    | LVCMOS33             |       | 12       | SLOW |              |          |          |
| oLED<1>                            | IOB              | OUTPUT    | LVCMOS33             |       | 12       | SLOW |              |          |          |
| oLED<2>                            | IOB              | OUTPUT    | LVCMOS33             |       | 12       | SLOW |              |          |          |
| oLED<3>                            | IOB              | OUTPUT    | LVCMOS33             |       | 12       | SLOW |              |          |          |
| oLED<4>                            | IOB              | OUTPUT    | LVCMOS33             |       | 12       | SLOW |              |          |          |
| oLED<5>                            | IOB              | OUTPUT    | LVCMOS33             |       | 12       | SLOW |              |          |          |
| oLED<6>                            | IOB              | OUTPUT    | LVCMOS33             |       | 12       | SLOW |              |          |          |
| oLED<7>                            | IOB              | OUTPUT    | LVCMOS33             |       | 12       | SLOW |              |          |          |
| oRAM_ADDR<0>                       | IOB              | OUTPUT    | SSTL18_II            |       |          |      | OSERDES      |          |          |
| oRAM_ADDR<1>                       | IOB              | OUTPUT    | SSTL18_II            |       |          |      | OSERDES      |          |          |
| oRAM_ADDR<2>                       | IOB              | OUTPUT    | SSTL18_II            |       |          |      | OSERDES      |          |          |
| oRAM_ADDR<3>                       | IOB              | OUTPUT    | SSTL18_II            |       |          |      | OSERDES      |          |          |
| oRAM_ADDR<4>                       | IOB              | OUTPUT    | SSTL18_II            |       |          |      | OSERDES      |          |          |
| oRAM_ADDR<5>                       | IOB              | OUTPUT    | SSTL18_II            |       |          |      | OSERDES      |          |          |
| oRAM_ADDR<6>                       | IOB              | OUTPUT    | SSTL18_II            |       |          |      | OSERDES      |          |          |
| oRAM_ADDR<7>                       | IOB              | OUTPUT    | SSTL18_II            |       |          |      | OSERDES      |          |          |
| oRAM_ADDR<8>                       | IOB              | OUTPUT    | SSTL18_II            |       |          |      | OSERDES      |          |          |
| oRAM_ADDR<9>                       | IOB              | OUTPUT    | SSTL18_II            |       |          |      | OSERDES      |          |          |
| oRAM_ADDR<10>                      | IOB              | OUTPUT    | SSTL18_II            |       |          |      | OSERDES      |          |          |
| oRAM_ADDR<11>                      | IOB              | OUTPUT    | SSTL18_II            |       |          |      | OSERDES      |          |          |
| oRAM_ADDR<12>                      | IOB              | OUTPUT    | SSTL18_II            |       |          |      | OSERDES      |          |          |
| oRAM_ADDR<13>                      | IOB              | OUTPUT    | SSTL18_II            |       |          |      | OSERDES      |          |          |
| oRAM_BADDR<0>                      | IOB              | OUTPUT    | SSTL18_II            |       |          |      | OSERDES      |          |          |
| oRAM_BADDR<1>                      | IOB              | OUTPUT    | SSTL18_II            |       |          |      | OSERDES      |          |          |
| oRAM_BADDR<2>                      | IOB              | OUTPUT    | SSTL18_II            |       |          |      | OSERDES      |          |          |
| oRAM_CKE                           | IOB              | OUTPUT    | SSTL18_II            |       |          |      | OSERDES      |          |          |
| oRAM_CLK                           | IOB              | OUTPUT    | DIFF_SSTL18_II       |       |          |      | OSERDES      |          |          |
| oRAM_LDM                           | IOB              | OUTPUT    | SSTL18_II            |       |          |      |              |          |          |
| oRAM_ODT                           | IOB              | OUTPUT    | SSTL18_II            |       |          |      | OSERDES      |          |          |
| oRAM_UDM                           | IOB              | OUTPUT    | SSTL18_II            |       |          |      |              |          |          |
| oRGB<0>                            | IOB              | OUTPUT    | LVTTL                |       | 12       | SLOW |              |          |          |
| oRGB<1>                            | IOB              | OUTPUT    | LVTTL                |       | 12       | SLOW |              |          |          |
| oRGB<2>                            | IOB              | OUTPUT    | LVTTL                |       | 12       | SLOW |              |          |          |
| oRGB<3>                            | IOB              | OUTPUT    | LVTTL                |       | 12       | SLOW |              |          |          |
| oRGB<4>                            | IOB              | OUTPUT    | LVTTL                |       | 12       | SLOW |              |          |          |
| oRGB<5>                            | IOB              | OUTPUT    | LVTTL                |       | 12       | SLOW |              |          |          |
| oRGB<6>                            | IOB              | OUTPUT    | LVTTL                |       | 12       | SLOW |              |          |          |
| oRGB<7>                            | IOB              | OUTPUT    | LVTTL                |       | 12       | SLOW |              |          |          |
| oRGB<8>                            | IOB              | OUTPUT    | LVTTL                |       | 12       | SLOW |              |          |          |
| oRGB<9>                            | IOB              | OUTPUT    | LVTTL                |       | 12       | SLOW |              |          |          |
| oRGB<10>                           | IOB              | OUTPUT    | LVTTL                |       | 12       | SLOW |              |          |          |
| oRGB<11>                           | IOB              | OUTPUT    | LVTTL                |       | 12       | SLOW |              |          |          |
| oRGB<12>                           | IOB              | OUTPUT    | LVTTL                |       | 12       | SLOW |              |          |          |
| oRGB<13>                           | IOB              | OUTPUT    | LVTTL                |       | 12       | SLOW |              |          |          |
| oRGB<14>                           | IOB              | OUTPUT    | LVTTL                |       | 12       | SLOW |              |          |          |
| oRGB<15>                           | IOB              | OUTPUT    | LVTTL                |       | 12       | SLOW |              |          |          |
| oRGB<16>                           | IOB              | OUTPUT    | LVTTL                |       | 12       | SLOW |              |          |          |
| oRGB<17>                           | IOB              | OUTPUT    | LVTTL                |       | 12       | SLOW |              |          |          |
| oRGB<18>                           | IOB              | OUTPUT    | LVTTL                |       | 12       | SLOW |              |          |          |
| oRGB<19>                           | IOB              | OUTPUT    | LVTTL                |       | 12       | SLOW |              |          |          |
| oRGB<20>                           | IOB              | OUTPUT    | LVTTL                |       | 12       | SLOW |              |          |          |
| oRGB<21>                           | IOB              | OUTPUT    | LVTTL                |       | 12       | SLOW |              |          |          |
| oRGB<22>                           | IOB              | OUTPUT    | LVTTL                |       | 12       | SLOW |              |          |          |
| oRGB<23>                           | IOB              | OUTPUT    | LVTTL                |       | 12       | SLOW |              |          |          |
| oV_SYNC                            | IOB              | OUTPUT    | LVTTL                |       | 12       | SLOW |              |          |          |
| onBLANK                            | IOB              | OUTPUT    | LVTTL                |       | 12       | SLOW |              |          |          |
| onPSAVE                            | IOB              | OUTPUT    | LVTTL                |       | 12       | SLOW |              |          |          |
| onRAM_CAS                          | IOB              | OUTPUT    | SSTL18_II            |       |          |      | OSERDES      |          |          |
| onRAM_CLK                          | IOB              | OUTPUT    | DIFF_SSTL18_II       |       |          |      | OSERDES      |          |          |
| onRAM_CS                           | IOB              | OUTPUT    | SSTL18_II            |       |          |      |              |          |          |
| onRAM_RAS                          | IOB              | OUTPUT    | SSTL18_II            |       |          |      | OSERDES      |          |          |
| onRAM_WE                           | IOB              | OUTPUT    | SSTL18_II            |       |          |      | OSERDES      |          |          |
| onSYNC                             | IOB              | OUTPUT    | LVTTL                |       | 12       | SLOW |              |          |          |
+---------------------------------------------------------------------------------------------------------------------------------------------------------+

Section 7 - RPMs
----------------

Section 8 - Guide Report
------------------------
Guide not run on this design.

Section 9 - Area Group and Partition Summary
--------------------------------------------

Partition Implementation Status
-------------------------------

  No Partitions were found in this design.

-------------------------------

Area Group Information
----------------------

  No area groups were found in this design.

----------------------

Section 10 - Timing Report
--------------------------
A logic-level (pre-route) timing report can be generated by using Xilinx static
timing analysis tools, Timing Analyzer (GUI) or TRCE (command line), with the
mapped NCD and PCF files. Please note that this timing report will be generated
using estimated delay information. For accurate numbers, please generate a
timing report with the post Place and Route NCD file.

For more information about the Timing Analyzer, consult the Xilinx Timing
Analyzer Reference Manual; for more information about TRCE, consult the Xilinx
Command Line Tools User Guide "TRACE" chapter.

Section 11 - Configuration String Details
-----------------------------------------
Use the "-detail" map option to print out Configuration Strings

Section 12 - Control Set Information
------------------------------------
Use the "-detail" map option to print out Control Set Information.

Section 13 - Utilization by Hierarchy
-------------------------------------
Use the "-detail" map option to print out the Utilization by Hierarchy section.
